app/build/intermediates/manifest_merge_blame_file/debug/processDebugMainManifest/manifest-merger-blame-debug-report.txt
1<?xml version="1.0" encoding="utf-8"?>
2<manifest xmlns:android="http://schemas.android.com/apk/res/android"
3    package="com.navix.mapboxvainilla"
4    android:versionCode="62"
5    android:versionName="1.0" >
6
7    <uses-sdk
8        android:minSdkVersion="23"
9        android:targetSdkVersion="35" />
10
11    <uses-permission android:name="android.permission.ACCESS_NETWORK_STATE" />
11-->src\main\AndroidManifest.xml:5:5-79
11-->src\main\AndroidManifest.xml:5:22-76
12    <!-- Include this permission to grab user's general location -->
13    <uses-permission android:name="android.permission.ACCESS_COARSE_LOCATION" />
13-->src\main\AndroidManifest.xml:7:5-81
13-->src\main\AndroidManifest.xml:7:22-78
14    <!-- Include only if your app benefits from precise location access. -->
15    <uses-permission android:name="android.permission.ACCESS_FINE_LOCATION" />
15-->src\main\AndroidManifest.xml:9:5-79
15-->src\main\AndroidManifest.xml:9:22-76
16    <uses-permission android:name="android.permission.INTERNET" />
16-->src\main\AndroidManifest.xml:10:5-67
16-->src\main\AndroidManifest.xml:10:22-64
17    <uses-permission android:name="android.permission.WAKE_LOCK" />
17-->src\main\AndroidManifest.xml:12:5-68
17-->src\main\AndroidManifest.xml:12:22-65
18    <uses-permission android:name="android.permission.VIBRATE" />
18-->src\main\AndroidManifest.xml:13:5-66
18-->src\main\AndroidManifest.xml:13:22-63
19    <uses-permission android:name="android.permission.RECEIVE_BOOT_COMPLETED" />
19-->src\main\AndroidManifest.xml:14:5-81
19-->src\main\AndroidManifest.xml:14:22-78
20    <uses-permission android:name="android.permission.GET_ACCOUNTS" />
20-->src\main\AndroidManifest.xml:15:5-71
20-->src\main\AndroidManifest.xml:15:22-68
21    <uses-permission android:name="com.google.android.c2dm.permission.RECEIVE" />
21-->src\main\AndroidManifest.xml:16:5-82
21-->src\main\AndroidManifest.xml:16:22-79
22    <uses-permission android:name="android.permission.CALL_PHONE" />
22-->src\main\AndroidManifest.xml:17:5-69
22-->src\main\AndroidManifest.xml:17:22-66
23    <uses-permission android:name="android.permission.CAMERA" />
23-->src\main\AndroidManifest.xml:18:5-65
23-->src\main\AndroidManifest.xml:18:22-62
24    <uses-permission android:name="android.permission.BLUETOOTH" />
24-->src\main\AndroidManifest.xml:19:5-68
24-->src\main\AndroidManifest.xml:19:22-65
25    <uses-permission android:name="android.permission.BLUETOOTH_ADMIN" />
25-->src\main\AndroidManifest.xml:20:5-74
25-->src\main\AndroidManifest.xml:20:22-71
26    <uses-permission android:name="android.permission.READ_EXTERNAL_STORAGE" />
26-->src\main\AndroidManifest.xml:21:5-80
26-->src\main\AndroidManifest.xml:21:22-77
27
28    <uses-feature android:name="android.hardware.camera" />
28-->src\main\AndroidManifest.xml:23:5-60
28-->src\main\AndroidManifest.xml:23:19-57
29    <uses-feature android:name="android.hardware.camera.autofocus" />
29-->src\main\AndroidManifest.xml:24:5-70
29-->src\main\AndroidManifest.xml:24:19-67
30    <uses-feature
30-->src\main\AndroidManifest.xml:25:5-27:36
31        android:name="android.hardware.telephony"
31-->src\main\AndroidManifest.xml:26:9-50
32        android:required="false" />
32-->src\main\AndroidManifest.xml:27:9-33
33
34    <uses-permission-sdk-23 android:name="android.permission.CALL_PHONE" />
34-->src\main\AndroidManifest.xml:29:5-76
34-->src\main\AndroidManifest.xml:29:29-73
35
36    <uses-feature
36-->[com.mapbox.maps:android-core:11.7.1] AndroidManifest.xml:10:5-12:35
37        android:glEsVersion="0x00030000"
37-->[com.mapbox.maps:android-core:11.7.1] AndroidManifest.xml:11:9-41
38        android:required="true" />
38-->[com.mapbox.maps:android-core:11.7.1] AndroidManifest.xml:12:9-32
39    <uses-feature
39-->[com.mapbox.maps:android-core:11.7.1] AndroidManifest.xml:13:5-15:36
40        android:name="android.hardware.wifi"
40-->[com.mapbox.maps:android-core:11.7.1] AndroidManifest.xml:14:9-45
41        android:required="false" />
41-->[com.mapbox.maps:android-core:11.7.1] AndroidManifest.xml:15:9-33
42
43    <uses-permission android:name="android.permission.ACCESS_WIFI_STATE" />
43-->[com.mapbox.maps:android-core:11.7.1] AndroidManifest.xml:19:5-76
43-->[com.mapbox.maps:android-core:11.7.1] AndroidManifest.xml:19:22-73
44
45    <permission
45-->[androidx.core:core:1.13.0] AndroidManifest.xml:22:5-24:47
46        android:name="com.navix.mapboxvainilla.DYNAMIC_RECEIVER_NOT_EXPORTED_PERMISSION"
46-->[androidx.core:core:1.13.0] AndroidManifest.xml:23:9-81
47        android:protectionLevel="signature" />
47-->[androidx.core:core:1.13.0] AndroidManifest.xml:24:9-44
48
49    <uses-permission android:name="com.navix.mapboxvainilla.DYNAMIC_RECEIVER_NOT_EXPORTED_PERMISSION" />
49-->[androidx.core:core:1.13.0] AndroidManifest.xml:26:5-97
49-->[androidx.core:core:1.13.0] AndroidManifest.xml:26:22-94
50
51    <application
51-->src\main\AndroidManifest.xml:31:5-59:19
52        android:name="com.navix.mapboxvainilla.ui.view.MapBoxVainilla"
52-->src\main\AndroidManifest.xml:32:9-47
53        android:allowBackup="true"
53-->src\main\AndroidManifest.xml:34:9-35
54        android:appComponentFactory="androidx.core.app.CoreComponentFactory"
54-->[androidx.core:core:1.13.0] AndroidManifest.xml:28:18-86
55        android:dataExtractionRules="@xml/data_extraction_rules"
55-->src\main\AndroidManifest.xml:35:9-65
56        android:debuggable="true"
57        android:extractNativeLibs="false"
58        android:fullBackupContent="@xml/backup_rules"
58-->src\main\AndroidManifest.xml:36:9-54
59        android:icon="@mipmap/ic_launcher"
59-->src\main\AndroidManifest.xml:37:9-43
60        android:label="@string/app_name"
60-->src\main\AndroidManifest.xml:38:9-41
61        android:roundIcon="@mipmap/ic_launcher_round"
61-->src\main\AndroidManifest.xml:39:9-54
62        android:supportsRtl="true"
62-->src\main\AndroidManifest.xml:40:9-35
63        android:testOnly="true"
64        android:theme="@style/Theme.Android"
64-->src\main\AndroidManifest.xml:41:9-45
65        android:usesCleartextTraffic="true" >
65-->src\main\AndroidManifest.xml:33:9-44
66        <activity
66-->src\main\AndroidManifest.xml:44:9-56:20
67            android:name="com.navix.mapboxvainilla.ui.view.MainActivity"
67-->src\main\AndroidManifest.xml:45:13-49
68            android:exported="true"
68-->src\main\AndroidManifest.xml:46:13-36
69            android:label="@string/title_activity_main"
69-->src\main\AndroidManifest.xml:47:13-56
70            android:screenOrientation="portrait"
70-->src\main\AndroidManifest.xml:50:13-49
71            android:theme="@style/Theme.AppCompat.NoActionBar"
71-->src\main\AndroidManifest.xml:48:13-63
72            android:windowSoftInputMode="adjustResize" >
72-->src\main\AndroidManifest.xml:49:13-55
73            <intent-filter>
73-->src\main\AndroidManifest.xml:52:13-55:29
74                <action android:name="android.intent.action.MAIN" />
74-->src\main\AndroidManifest.xml:53:17-69
74-->src\main\AndroidManifest.xml:53:25-66
75
76                <category android:name="android.intent.category.LAUNCHER" />
76-->src\main\AndroidManifest.xml:54:17-77
76-->src\main\AndroidManifest.xml:54:27-74
77            </intent-filter>
78        </activity>
79        <activity android:name="com.navix.mapboxvainilla.Activity2" />
79-->src\main\AndroidManifest.xml:57:9-47
79-->src\main\AndroidManifest.xml:57:19-44
80
81        <profileable android:shell="true" />
81-->[com.mapbox.maps:android-core:11.7.1] AndroidManifest.xml:22:9-45
81-->[com.mapbox.maps:android-core:11.7.1] AndroidManifest.xml:22:22-42
82
83        <provider
83-->[com.mapbox.maps:android-core:11.7.1] AndroidManifest.xml:24:9-32:20
84            android:name="androidx.startup.InitializationProvider"
84-->[com.mapbox.maps:android-core:11.7.1] AndroidManifest.xml:25:13-67
85            android:authorities="com.navix.mapboxvainilla.androidx-startup"
85-->[com.mapbox.maps:android-core:11.7.1] AndroidManifest.xml:26:13-68
86            android:exported="false" >
86-->[com.mapbox.maps:android-core:11.7.1] AndroidManifest.xml:27:13-37
87            <meta-data
87-->[com.mapbox.maps:android-core:11.7.1] AndroidManifest.xml:29:13-31:52
88                android:name="com.mapbox.maps.loader.MapboxMapsInitializer"
88-->[com.mapbox.maps:android-core:11.7.1] AndroidManifest.xml:30:17-76
89                android:value="androidx.startup" />
89-->[com.mapbox.maps:android-core:11.7.1] AndroidManifest.xml:31:17-49
90            <!-- This entry makes MapboxSDKCommonInitializer discoverable. -->
91            <meta-data
91-->[com.mapbox.common:common:24.7.1] AndroidManifest.xml:19:13-21:52
92                android:name="com.mapbox.common.MapboxSDKCommonInitializer"
92-->[com.mapbox.common:common:24.7.1] AndroidManifest.xml:20:17-76
93                android:value="androidx.startup" />
93-->[com.mapbox.common:common:24.7.1] AndroidManifest.xml:21:17-49
94            <meta-data
94-->[androidx.emoji2:emoji2:1.3.0] AndroidManifest.xml:29:13-31:52
95                android:name="androidx.emoji2.text.EmojiCompatInitializer"
95-->[androidx.emoji2:emoji2:1.3.0] AndroidManifest.xml:30:17-75
96                android:value="androidx.startup" />
96-->[androidx.emoji2:emoji2:1.3.0] AndroidManifest.xml:31:17-49
97            <meta-data
97-->[androidx.lifecycle:lifecycle-process:2.6.2] AndroidManifest.xml:29:13-31:52
98                android:name="androidx.lifecycle.ProcessLifecycleInitializer"
98-->[androidx.lifecycle:lifecycle-process:2.6.2] AndroidManifest.xml:30:17-78
99                android:value="androidx.startup" />
99-->[androidx.lifecycle:lifecycle-process:2.6.2] AndroidManifest.xml:31:17-49
100            <meta-data
100-->[androidx.profileinstaller:profileinstaller:1.3.1] AndroidManifest.xml:29:13-31:52
101                android:name="androidx.profileinstaller.ProfileInstallerInitializer"
101-->[androidx.profileinstaller:profileinstaller:1.3.1] AndroidManifest.xml:30:17-85
102                android:value="androidx.startup" />
102-->[androidx.profileinstaller:profileinstaller:1.3.1] AndroidManifest.xml:31:17-49
103        </provider>
104
105        <receiver
105-->[com.mapbox.common:common:24.7.1] AndroidManifest.xml:24:9-31:20
106            android:name="com.mapbox.common.location.LocationUpdatesReceiver"
106-->[com.mapbox.common:common:24.7.1] AndroidManifest.xml:25:13-78
107            android:enabled="true"
107-->[com.mapbox.common:common:24.7.1] AndroidManifest.xml:26:13-35
108            android:exported="false" >
108-->[com.mapbox.common:common:24.7.1] AndroidManifest.xml:27:13-37
109            <intent-filter>
109-->[com.mapbox.common:common:24.7.1] AndroidManifest.xml:28:13-30:29
110                <action android:name="com.mapbox.common.location.LocationUpdatesReceiver.ACTION_PROCESS_LOCATION_UPDATES" />
110-->[com.mapbox.common:common:24.7.1] AndroidManifest.xml:29:17-125
110-->[com.mapbox.common:common:24.7.1] AndroidManifest.xml:29:25-122
111            </intent-filter>
112        </receiver>
113
114        <service
114-->[com.mapbox.common:common:24.7.1] AndroidManifest.xml:33:9-35:40
115            android:name="com.mapbox.common.LifecycleService"
115-->[com.mapbox.common:common:24.7.1] AndroidManifest.xml:34:13-62
116            android:exported="false" />
116-->[com.mapbox.common:common:24.7.1] AndroidManifest.xml:35:13-37
117
118        <receiver
118-->[androidx.profileinstaller:profileinstaller:1.3.1] AndroidManifest.xml:34:9-52:20
119            android:name="androidx.profileinstaller.ProfileInstallReceiver"
119-->[androidx.profileinstaller:profileinstaller:1.3.1] AndroidManifest.xml:35:13-76
120            android:directBootAware="false"
120-->[androidx.profileinstaller:profileinstaller:1.3.1] AndroidManifest.xml:36:13-44
121            android:enabled="true"
121-->[androidx.profileinstaller:profileinstaller:1.3.1] AndroidManifest.xml:37:13-35
122            android:exported="true"
122-->[androidx.profileinstaller:profileinstaller:1.3.1] AndroidManifest.xml:38:13-36
123            android:permission="android.permission.DUMP" >
123-->[androidx.profileinstaller:profileinstaller:1.3.1] AndroidManifest.xml:39:13-57
124            <intent-filter>
124-->[androidx.profileinstaller:profileinstaller:1.3.1] AndroidManifest.xml:40:13-42:29
125                <action android:name="androidx.profileinstaller.action.INSTALL_PROFILE" />
125-->[androidx.profileinstaller:profileinstaller:1.3.1] AndroidManifest.xml:41:17-91
125-->[androidx.profileinstaller:profileinstaller:1.3.1] AndroidManifest.xml:41:25-88
126            </intent-filter>
127            <intent-filter>
127-->[androidx.profileinstaller:profileinstaller:1.3.1] AndroidManifest.xml:43:13-45:29
128                <action android:name="androidx.profileinstaller.action.SKIP_FILE" />
128-->[androidx.profileinstaller:profileinstaller:1.3.1] AndroidManifest.xml:44:17-85
128-->[androidx.profileinstaller:profileinstaller:1.3.1] AndroidManifest.xml:44:25-82
129            </intent-filter>
130            <intent-filter>
130-->[androidx.profileinstaller:profileinstaller:1.3.1] AndroidManifest.xml:46:13-48:29
131                <action android:name="androidx.profileinstaller.action.SAVE_PROFILE" />
131-->[androidx.profileinstaller:profileinstaller:1.3.1] AndroidManifest.xml:47:17-88
131-->[androidx.profileinstaller:profileinstaller:1.3.1] AndroidManifest.xml:47:25-85
132            </intent-filter>
133            <intent-filter>
133-->[androidx.profileinstaller:profileinstaller:1.3.1] AndroidManifest.xml:49:13-51:29
134                <action android:name="androidx.profileinstaller.action.BENCHMARK_OPERATION" />
134-->[androidx.profileinstaller:profileinstaller:1.3.1] AndroidManifest.xml:50:17-95
134-->[androidx.profileinstaller:profileinstaller:1.3.1] AndroidManifest.xml:50:25-92
135            </intent-filter>
136        </receiver>
137    </application>
138
139</manifest>